SF:lib\core\error\failure.dart
DA:6,3
DA:8,2
DA:9,4
DA:14,0
DA:20,3
DA:27,0
DA:35,2
DA:36,2
DA:40,2
DA:44,2
DA:48,0
DA:52,2
LF:12
LH:9
end_of_record
SF:lib\features\auth\domain\use_case\login_usecase.dart
DA:12,2
DA:18,0
DA:22,0
DA:23,0
DA:30,1
DA:32,1
DA:35,6
DA:36,1
DA:37,2
DA:38,0
DA:39,0
DA:40,0
DA:41,0
DA:43,0
LF:14
LH:6
end_of_record
SF:lib\app\shared_prefs\token_shared_prefs.dart
DA:8,0
DA:10,0
DA:12,0
DA:13,0
DA:15,0
DA:19,0
DA:21,0
DA:22,0
DA:24,0
LF:9
LH:0
end_of_record
SF:lib\features\auth\domain\entity\auth_entity.dart
DA:11,1
DA:19,1
DA:20,6
LF:3
LH:3
end_of_record
SF:lib\features\auth\domain\use_case\upload_image_usecase.dart
DA:11,1
DA:20,1
DA:22,1
DA:24,3
LF:4
LH:4
end_of_record
SF:lib\features\auth\domain\use_case\register_user_usecase.dart
DA:15,1
DA:23,0
DA:30,0
DA:31,0
DA:37,1
DA:39,1
DA:41,1
DA:42,1
DA:43,1
DA:44,1
DA:45,1
DA:47,2
LF:12
LH:9
end_of_record
